  audio.cpp
  bullet.cpp
  button.cpp
  camera.cpp
  cubemap.cpp
  enemy.cpp
  explode.cpp
  gameManager.cpp
  healthBar.cpp
  input.cpp
  Main.cpp
  mesh.cpp
  Model.cpp
  ModelMesh.cpp
  particle.cpp
  player.cpp
  prefab.cpp
  ShaderLoader.cpp
  TextLabel.cpp
  Texture.cpp
  Generating Code...
  Compiling...
  time.cpp
  Generating Code...
LINK : warning LNK4098: defaultlib 'MSVCRT' conflicts with use of other libs; use /NODEFAULTLIB:library
  Graphic Thing.vcxproj -> D:\Alexander\Desktop\School Work\Portfolio\3D OpenGL Project\OpenGL-C---3D-game-engine\Debug\openGL Summ3.exe
