d:\alexander\desktop\school work\portfolio\3d opengl project\opengl-c---3d-game-engine\3d graphics\debug\vc142.pdb
d:\alexander\desktop\school work\portfolio\3d opengl project\opengl-c---3d-game-engine\3d graphics\debug\vc142.idb
d:\alexander\desktop\school work\portfolio\3d opengl project\opengl-c---3d-game-engine\3d graphics\debug\prefab.obj
d:\alexander\desktop\school work\portfolio\3d opengl project\opengl-c---3d-game-engine\3d graphics\debug\input.obj
d:\alexander\desktop\school work\portfolio\3d opengl project\opengl-c---3d-game-engine\3d graphics\debug\gamemanager.obj
d:\alexander\desktop\school work\portfolio\3d opengl project\opengl-c---3d-game-engine\3d graphics\debug\button.obj
d:\alexander\desktop\school work\portfolio\3d opengl project\opengl-c---3d-game-engine\3d graphics\debug\main.obj
d:\alexander\desktop\school work\portfolio\3d opengl project\opengl-c---3d-game-engine\3d graphics\debug\camera.obj
d:\alexander\desktop\school work\portfolio\3d opengl project\opengl-c---3d-game-engine\3d graphics\debug\cubemap.obj
d:\alexander\desktop\school work\portfolio\3d opengl project\opengl-c---3d-game-engine\3d graphics\debug\modelmesh.obj
d:\alexander\desktop\school work\portfolio\3d opengl project\opengl-c---3d-game-engine\3d graphics\debug\model.obj
d:\alexander\desktop\school work\portfolio\3d opengl project\opengl-c---3d-game-engine\3d graphics\debug\player.obj
d:\alexander\desktop\school work\portfolio\3d opengl project\opengl-c---3d-game-engine\3d graphics\debug\particle.obj
d:\alexander\desktop\school work\portfolio\3d opengl project\opengl-c---3d-game-engine\3d graphics\debug\mesh.obj
d:\alexander\desktop\school work\portfolio\3d opengl project\opengl-c---3d-game-engine\3d graphics\debug\healthbar.obj
d:\alexander\desktop\school work\portfolio\3d opengl project\opengl-c---3d-game-engine\3d graphics\debug\explode.obj
d:\alexander\desktop\school work\portfolio\3d opengl project\opengl-c---3d-game-engine\3d graphics\debug\enemy.obj
d:\alexander\desktop\school work\portfolio\3d opengl project\opengl-c---3d-game-engine\3d graphics\debug\bullet.obj
d:\alexander\desktop\school work\portfolio\3d opengl project\opengl-c---3d-game-engine\3d graphics\debug\audio.obj
d:\alexander\desktop\school work\portfolio\3d opengl project\opengl-c---3d-game-engine\3d graphics\debug\texture.obj
d:\alexander\desktop\school work\portfolio\3d opengl project\opengl-c---3d-game-engine\3d graphics\debug\textlabel.obj
d:\alexander\desktop\school work\portfolio\3d opengl project\opengl-c---3d-game-engine\3d graphics\debug\shaderloader.obj
d:\alexander\desktop\school work\portfolio\3d opengl project\opengl-c---3d-game-engine\3d graphics\debug\time.obj
d:\alexander\desktop\school work\portfolio\3d opengl project\opengl-c---3d-game-engine\debug\opengl summ3.exe
d:\alexander\desktop\school work\portfolio\3d opengl project\opengl-c---3d-game-engine\debug\opengl summ3.ilk
d:\alexander\desktop\school work\portfolio\3d opengl project\opengl-c---3d-game-engine\debug\opengl summ3.pdb
d:\alexander\desktop\school work\portfolio\3d opengl project\opengl-c---3d-game-engine\3d graphics\debug\opengl summ3.tlog\cl.command.1.tlog
d:\alexander\desktop\school work\portfolio\3d opengl project\opengl-c---3d-game-engine\3d graphics\debug\opengl summ3.tlog\cl.read.1.tlog
d:\alexander\desktop\school work\portfolio\3d opengl project\opengl-c---3d-game-engine\3d graphics\debug\opengl summ3.tlog\cl.write.1.tlog
d:\alexander\desktop\school work\portfolio\3d opengl project\opengl-c---3d-game-engine\3d graphics\debug\opengl summ3.tlog\link.command.1.tlog
d:\alexander\desktop\school work\portfolio\3d opengl project\opengl-c---3d-game-engine\3d graphics\debug\opengl summ3.tlog\link.read.1.tlog
d:\alexander\desktop\school work\portfolio\3d opengl project\opengl-c---3d-game-engine\3d graphics\debug\opengl summ3.tlog\link.write.1.tlog
